  Practica5.cpp
C:\Users\mario\Documents\GitHub\SGI-2020\Proyectos\5. Reloj 3D\Practica5.cpp(46,36): warning C4244: 'argumento': conversión de 'double' a 'GLfloat'; posible pérdida de datos
C:\Users\mario\Documents\GitHub\SGI-2020\Proyectos\5. Reloj 3D\Practica5.cpp(46,18): warning C4244: 'argumento': conversión de 'double' a 'GLfloat'; posible pérdida de datos
C:\Users\mario\Documents\GitHub\SGI-2020\Proyectos\5. Reloj 3D\Practica5.cpp(47,36): warning C4244: 'argumento': conversión de 'double' a 'GLfloat'; posible pérdida de datos
C:\Users\mario\Documents\GitHub\SGI-2020\Proyectos\5. Reloj 3D\Practica5.cpp(47,18): warning C4244: 'argumento': conversión de 'double' a 'GLfloat'; posible pérdida de datos
C:\Users\mario\Documents\GitHub\SGI-2020\Proyectos\5. Reloj 3D\Practica5.cpp(54,36): warning C4244: 'argumento': conversión de 'double' a 'GLfloat'; posible pérdida de datos
C:\Users\mario\Documents\GitHub\SGI-2020\Proyectos\5. Reloj 3D\Practica5.cpp(54,18): warning C4244: 'argumento': conversión de 'double' a 'GLfloat'; posible pérdida de datos
C:\Users\mario\Documents\GitHub\SGI-2020\Proyectos\5. Reloj 3D\Practica5.cpp(55,36): warning C4244: 'argumento': conversión de 'double' a 'GLfloat'; posible pérdida de datos
C:\Users\mario\Documents\GitHub\SGI-2020\Proyectos\5. Reloj 3D\Practica5.cpp(55,18): warning C4244: 'argumento': conversión de 'double' a 'GLfloat'; posible pérdida de datos
C:\Users\mario\Documents\GitHub\SGI-2020\Proyectos\5. Reloj 3D\Practica5.cpp(65,22): warning C4305: 'argumento': truncamiento de 'double' a 'GLfloat'
C:\Users\mario\Documents\GitHub\SGI-2020\Proyectos\5. Reloj 3D\Practica5.cpp(145,30): warning C4244: 'argumento': conversión de 'double' a 'GLfloat'; posible pérdida de datos
C:\Users\mario\Documents\GitHub\SGI-2020\Proyectos\5. Reloj 3D\Practica5.cpp(145,18): warning C4244: 'argumento': conversión de 'double' a 'GLfloat'; posible pérdida de datos
C:\Users\mario\Documents\GitHub\SGI-2020\Proyectos\5. Reloj 3D\Practica5.cpp(149,52): warning C4244: 'argumento': conversión de 'double' a 'GLfloat'; posible pérdida de datos
C:\Users\mario\Documents\GitHub\SGI-2020\Proyectos\5. Reloj 3D\Practica5.cpp(149,37): warning C4244: 'argumento': conversión de 'double' a 'GLfloat'; posible pérdida de datos
C:\Users\mario\Documents\GitHub\SGI-2020\Proyectos\5. Reloj 3D\Practica5.cpp(149,22): warning C4244: 'argumento': conversión de 'double' a 'GLfloat'; posible pérdida de datos
C:\Users\mario\Documents\GitHub\SGI-2020\Proyectos\5. Reloj 3D\Practica5.cpp(151,22): warning C4244: 'argumento': conversión de 'double' a 'GLfloat'; posible pérdida de datos
C:\Users\mario\Documents\GitHub\SGI-2020\Proyectos\5. Reloj 3D\Practica5.cpp(151,17): warning C4244: 'argumento': conversión de 'double' a 'GLfloat'; posible pérdida de datos
C:\Users\mario\Documents\GitHub\SGI-2020\Proyectos\5. Reloj 3D\Practica5.cpp(151,12): warning C4244: 'argumento': conversión de 'double' a 'GLfloat'; posible pérdida de datos
C:\Users\mario\Documents\GitHub\SGI-2020\Proyectos\5. Reloj 3D\Practica5.cpp(152,20): warning C4244: 'argumento': conversión de 'int' a 'GLfloat'; posible pérdida de datos
C:\Users\mario\Documents\GitHub\SGI-2020\Proyectos\5. Reloj 3D\Practica5.cpp(165,12): warning C4244: 'argumento': conversión de 'int' a 'GLfloat'; posible pérdida de datos
C:\Users\mario\Documents\GitHub\SGI-2020\Proyectos\5. Reloj 3D\Practica5.cpp(174,24): warning C4305: 'argumento': truncamiento de 'double' a 'GLfloat'
C:\Users\mario\Documents\GitHub\SGI-2020\Proyectos\5. Reloj 3D\Practica5.cpp(175,12): warning C4244: 'argumento': conversión de 'int' a 'GLfloat'; posible pérdida de datos
C:\Users\mario\Documents\GitHub\SGI-2020\Proyectos\5. Reloj 3D\Practica5.cpp(185,12): warning C4244: 'argumento': conversión de 'int' a 'GLfloat'; posible pérdida de datos
C:\Users\mario\Documents\GitHub\SGI-2020\Proyectos\5. Reloj 3D\Practica5.cpp(194,31): warning C4244: 'argumento': conversión de 'double' a 'GLfloat'; posible pérdida de datos
C:\Users\mario\Documents\GitHub\SGI-2020\Proyectos\5. Reloj 3D\Practica5.cpp(194,19): warning C4244: 'argumento': conversión de 'double' a 'GLfloat'; posible pérdida de datos
C:\Users\mario\Documents\GitHub\SGI-2020\Proyectos\5. Reloj 3D\Practica5.cpp(195,16): warning C4244: 'argumento': conversión de 'int' a 'GLfloat'; posible pérdida de datos
C:\Users\mario\Documents\GitHub\SGI-2020\Proyectos\5. Reloj 3D\Practica5.cpp(200,28): warning C4305: 'argumento': truncamiento de 'double' a 'GLfloat'
C:\Users\mario\Documents\GitHub\SGI-2020\Proyectos\5. Reloj 3D\Practica5.cpp(204,23): warning C4305: 'argumento': truncamiento de 'double' a 'GLfloat'
C:\Users\mario\Documents\GitHub\SGI-2020\Proyectos\5. Reloj 3D\Practica5.cpp(205,29): warning C4305: 'argumento': truncamiento de 'double' a 'GLfloat'
  Generando código
  2 of 28 functions ( 7.1%) were compiled, the rest were copied from previous compilation.
    0 functions were new in current compilation
    4 functions had inline decision re-evaluated but remain unchanged
  Generación de código finalizada
  5. Reloj 3D.vcxproj -> C:\Users\mario\Documents\GitHub\SGI-2020\Proyectos\5. Reloj 3D\5. Reloj 3D.exe
